\BOOKMARK [0][-]{chapter*.2}{Liste des tableaux}{}% 1
\BOOKMARK [0][-]{chapter*.3}{Table des figures}{}% 2
\BOOKMARK [0][-]{chapter*.4}{Avant Propos}{}% 3
\BOOKMARK [1][-]{section.0.1}{Objectifs}{chapter*.4}% 4
\BOOKMARK [1][-]{section.0.2}{\300 qui s'adressent ces notes ?}{chapter*.4}% 5
\BOOKMARK [1][-]{section.0.3}{Remerciements}{chapter*.4}% 6
\BOOKMARK [0][-]{chapter.1}{Introduction}{}% 7
\BOOKMARK [1][-]{section.1.1}{Historique}{chapter.1}% 8
\BOOKMARK [1][-]{section.1.2}{Pr\351sentation de l'espace de travail}{chapter.1}% 9
\BOOKMARK [2][-]{subsection.1.2.1}{La console et les fen\352tres de script}{section.1.2}% 10
\BOOKMARK [2][-]{subsection.1.2.2}{Les variables}{section.1.2}% 11
\BOOKMARK [3][-]{subsubsection.1.2.2.1}{Assignation}{subsection.1.2.2}% 12
\BOOKMARK [3][-]{subsubsection.1.2.2.2}{Conventions de nommage}{subsection.1.2.2}% 13
\BOOKMARK [3][-]{subsubsection.1.2.2.3}{Les objets en m\351moire}{subsection.1.2.2}% 14
\BOOKMARK [3][-]{subsubsection.1.2.2.4}{Modidification, suppression}{subsection.1.2.2}% 15
\BOOKMARK [2][-]{subsection.1.2.3}{Les packages}{section.1.2}% 16
\BOOKMARK [2][-]{subsection.1.2.4}{L'aide}{section.1.2}% 17
\BOOKMARK [1][-]{section.1.3}{Un environnement de d\351veloppement : RStudio}{chapter.1}% 18
\BOOKMARK [0][-]{chapter.2}{Donn\351es}{}% 19
\BOOKMARK [1][-]{section.2.1}{Types de donn\351es}{chapter.2}% 20
\BOOKMARK [2][-]{subsection.2.1.1}{Mode}{section.2.1}% 21
\BOOKMARK [2][-]{subsection.2.1.2}{Longueur}{section.2.1}% 22
\BOOKMARK [2][-]{subsection.2.1.3}{L'objet vide}{section.2.1}% 23
\BOOKMARK [1][-]{section.2.2}{Structure des donn\351es}{chapter.2}% 24
\BOOKMARK [2][-]{subsection.2.2.1}{Structures de base}{section.2.2}% 25
\BOOKMARK [3][-]{subsubsection.2.2.1.1}{Vecteurs}{subsection.2.2.1}% 26
\BOOKMARK [3][-]{subsubsection.2.2.1.2}{Facteurs}{subsection.2.2.1}% 27
\BOOKMARK [3][-]{subsubsection.2.2.1.3}{Dates}{subsection.2.2.1}% 28
\BOOKMARK [3][-]{subsubsection.2.2.1.4}{Matrices}{subsection.2.2.1}% 29
\BOOKMARK [3][-]{subsubsection.2.2.1.5}{Listes}{subsection.2.2.1}% 30
\BOOKMARK [2][-]{subsection.2.2.2}{Tableaux de donn\351es}{section.2.2}% 31
\BOOKMARK [3][-]{subsubsection.2.2.2.1}{Data Frames}{subsection.2.2.2}% 32
\BOOKMARK [3][-]{subsubsection.2.2.2.2}{Tibbles}{subsection.2.2.2}% 33
\BOOKMARK [3][-]{subsubsection.2.2.2.3}{Data table}{subsection.2.2.2}% 34
\BOOKMARK [1][-]{section.2.3}{Importation, exportation et cr\351ation de donn\351es}{chapter.2}% 35
\BOOKMARK [2][-]{subsection.2.3.1}{Importation}{section.2.3}% 36
\BOOKMARK [3][-]{subsubsection.2.3.1.1}{La fonction read.table}{subsection.2.3.1}% 37
\BOOKMARK [3][-]{subsubsection.2.3.1.2}{La fonction scan}{subsection.2.3.1}% 38
\BOOKMARK [3][-]{subsubsection.2.3.1.3}{La fonction read.fwf}{subsection.2.3.1}% 39
\BOOKMARK [2][-]{subsection.2.3.2}{Manip Acces}{section.2.3}% 40
\BOOKMARK [0][-]{chapter.3}{References}{}% 41
